{"name":"Log","hostname":"lumi-staging-server","pid":2840,"level":30,"msg":"Creating table: posts","time":"2021-03-02T03:20:04.306Z","v":0}
{"name":"Log","hostname":"lumi-staging-server","pid":2840,"level":30,"msg":"Creating table: posts_meta","time":"2021-03-02T03:20:04.388Z","v":0}
{"name":"Log","hostname":"lumi-staging-server","pid":2840,"level":30,"msg":"Creating table: users","time":"2021-03-02T03:20:04.544Z","v":0}
{"name":"Log","hostname":"lumi-staging-server","pid":2840,"level":30,"msg":"Creating table: posts_authors","time":"2021-03-02T03:20:04.663Z","v":0}
{"name":"Log","hostname":"lumi-staging-server","pid":2840,"level":30,"msg":"Creating table: roles","time":"2021-03-02T03:20:04.939Z","v":0}
{"name":"Log","hostname":"lumi-staging-server","pid":2840,"level":30,"msg":"Creating table: roles_users","time":"2021-03-02T03:20:05.042Z","v":0}
{"name":"Log","hostname":"lumi-staging-server","pid":2840,"level":30,"msg":"Creating table: permissions","time":"2021-03-02T03:20:05.141Z","v":0}
{"name":"Log","hostname":"lumi-staging-server","pid":2840,"level":30,"msg":"Creating table: permissions_users","time":"2021-03-02T03:20:05.309Z","v":0}
{"name":"Log","hostname":"lumi-staging-server","pid":2840,"level":30,"msg":"Creating table: permissions_roles","time":"2021-03-02T03:20:05.435Z","v":0}
{"name":"Log","hostname":"lumi-staging-server","pid":2840,"level":30,"msg":"Creating table: permissions_apps","time":"2021-03-02T03:20:05.520Z","v":0}
{"name":"Log","hostname":"lumi-staging-server","pid":2840,"level":30,"msg":"Creating table: settings","time":"2021-03-02T03:20:05.629Z","v":0}
{"name":"Log","hostname":"lumi-staging-server","pid":2840,"level":30,"msg":"Creating table: tags","time":"2021-03-02T03:20:05.751Z","v":0}
{"name":"Log","hostname":"lumi-staging-server","pid":2840,"level":30,"msg":"Creating table: posts_tags","time":"2021-03-02T03:20:05.920Z","v":0}
{"name":"Log","hostname":"lumi-staging-server","pid":2840,"level":30,"msg":"Creating table: apps","time":"2021-03-02T03:20:06.189Z","v":0}
{"name":"Log","hostname":"lumi-staging-server","pid":2840,"level":30,"msg":"Creating table: app_settings","time":"2021-03-02T03:20:06.356Z","v":0}
{"name":"Log","hostname":"lumi-staging-server","pid":2840,"level":30,"msg":"Creating table: app_fields","time":"2021-03-02T03:20:06.683Z","v":0}
{"name":"Log","hostname":"lumi-staging-server","pid":2840,"level":30,"msg":"Creating table: invites","time":"2021-03-02T03:20:06.846Z","v":0}
{"name":"Log","hostname":"lumi-staging-server","pid":2840,"level":30,"msg":"Creating table: brute","time":"2021-03-02T03:20:07.037Z","v":0}
{"name":"Log","hostname":"lumi-staging-server","pid":2840,"level":30,"msg":"Creating table: webhooks","time":"2021-03-02T03:20:07.080Z","v":0}
{"name":"Log","hostname":"lumi-staging-server","pid":2840,"level":30,"msg":"Creating table: sessions","time":"2021-03-02T03:20:07.176Z","v":0}
{"name":"Log","hostname":"lumi-staging-server","pid":2840,"level":30,"msg":"Creating table: integrations","time":"2021-03-02T03:20:07.308Z","v":0}
{"name":"Log","hostname":"lumi-staging-server","pid":2840,"level":30,"msg":"Creating table: api_keys","time":"2021-03-02T03:20:07.407Z","v":0}
{"name":"Log","hostname":"lumi-staging-server","pid":2840,"level":30,"msg":"Creating table: mobiledoc_revisions","time":"2021-03-02T03:20:07.508Z","v":0}
{"name":"Log","hostname":"lumi-staging-server","pid":2840,"level":30,"msg":"Creating table: members","time":"2021-03-02T03:20:07.602Z","v":0}
{"name":"Log","hostname":"lumi-staging-server","pid":2840,"level":30,"msg":"Creating table: labels","time":"2021-03-02T03:20:07.727Z","v":0}
{"name":"Log","hostname":"lumi-staging-server","pid":2840,"level":30,"msg":"Creating table: members_labels","time":"2021-03-02T03:20:07.848Z","v":0}
{"name":"Log","hostname":"lumi-staging-server","pid":2840,"level":30,"msg":"Creating table: members_stripe_customers","time":"2021-03-02T03:20:08.088Z","v":0}
{"name":"Log","hostname":"lumi-staging-server","pid":2840,"level":50,"err":{"id":300,"domain":"http://localhost:2368/","code":"ER_TOO_LONG_KEY","name":"MigrationScriptError","statusCode":500,"level":"normal","message":"Field length of `customer_id` in `members_stripe_customers` is too long!","context":"\"This usually happens if your database encoding is utf8mb4.\\nAll unique fields and indexes must be lower than 191 characters.\\nPlease correct your field length and reset your database with knex-migrator reset.\\n\"","help":"\"Read more here: https://github.com/TryGhost/knex-migrator/issues/51\\n\"","stack":"MigrationScriptError: Field length of `customer_id` in `members_stripe_customers` is too long!\n    at MigrationScriptError.KnexMigrateError (/var/www/ghostblog/versions/3.41.9/node_modules/knex-migrator/lib/errors.js:7:26)\n    at new MigrationScriptError (/var/www/ghostblog/versions/3.41.9/node_modules/knex-migrator/lib/errors.js:25:26)\n    at /var/www/ghostblog/versions/3.41.9/node_modules/knex-migrator/lib/index.js:1045:23\n\nError: ER_TOO_LONG_KEY: Specified key was too long; max key length is 767 bytes\n    at Query.Sequence._packetToError (/var/www/ghostblog/versions/3.41.9/node_modules/mysql/lib/protocol/sequences/Sequence.js:47:14)\n    at Query.ErrorPacket (/var/www/ghostblog/versions/3.41.9/node_modules/mysql/lib/protocol/sequences/Query.js:79:18)\n    at Protocol._parsePacket (/var/www/ghostblog/versions/3.41.9/node_modules/mysql/lib/protocol/Protocol.js:291:23)\n    at Parser._parsePacket (/var/www/ghostblog/versions/3.41.9/node_modules/mysql/lib/protocol/Parser.js:433:10)\n    at Parser.write (/var/www/ghostblog/versions/3.41.9/node_modules/mysql/lib/protocol/Parser.js:43:10)\n    at Protocol.write (/var/www/ghostblog/versions/3.41.9/node_modules/mysql/lib/protocol/Protocol.js:38:16)\n    at Socket.<anonymous> (/var/www/ghostblog/versions/3.41.9/node_modules/mysql/lib/Connection.js:88:28)\n    at Socket.<anonymous> (/var/www/ghostblog/versions/3.41.9/node_modules/mysql/lib/Connection.js:526:10)\n    at Socket.emit (events.js:314:20)\n    at addChunk (_stream_readable.js:297:12)\n    at readableAddChunk (_stream_readable.js:272:9)\n    at Socket.Readable.push (_stream_readable.js:213:10)\n    at TCP.onStreamRead (internal/stream_base_commons.js:188:23)\n    --------------------\n    at Protocol._enqueue (/var/www/ghostblog/versions/3.41.9/node_modules/mysql/lib/protocol/Protocol.js:144:48)\n    at Connection.query (/var/www/ghostblog/versions/3.41.9/node_modules/mysql/lib/Connection.js:198:25)\n    at /var/www/ghostblog/versions/3.41.9/node_modules/knex-migrator/node_modules/knex/lib/dialects/mysql/index.js:135:18\n    at new Promise (<anonymous>)\n    at Client_MySQL._query (/var/www/ghostblog/versions/3.41.9/node_modules/knex-migrator/node_modules/knex/lib/dialects/mysql/index.js:129:12)\n    at Client_MySQL.query (/var/www/ghostblog/versions/3.41.9/node_modules/knex-migrator/node_modules/knex/lib/client.js:169:17)\n    at Runner.query (/var/www/ghostblog/versions/3.41.9/node_modules/knex-migrator/node_modules/knex/lib/runner.js:151:36)\n    at Runner.queryArray (/var/www/ghostblog/versions/3.41.9/node_modules/knex-migrator/node_modules/knex/lib/runner.js:248:31)\n    at processTicksAndRejections (internal/process/task_queues.js:97:5)\n    at async /var/www/ghostblog/versions/3.41.9/node_modules/knex-migrator/node_modules/knex/lib/runner.js:277:18"},"msg":"Field length of `customer_id` in `members_stripe_customers` is too long!","time":"2021-03-02T03:20:08.354Z","v":0}
{"name":"Log","hostname":"lumi-staging-server","pid":2840,"level":30,"msg":"Bootstrap client was closed.","time":"2021-03-02T03:20:08.355Z","v":0}
{"name":"Log","hostname":"lumi-staging-server","pid":3515,"level":30,"msg":"Creating table: posts","time":"2021-03-02T03:40:51.546Z","v":0}
{"name":"Log","hostname":"lumi-staging-server","pid":3515,"level":30,"msg":"Creating table: posts_meta","time":"2021-03-02T03:40:51.552Z","v":0}
{"name":"Log","hostname":"lumi-staging-server","pid":3515,"level":30,"msg":"Creating table: users","time":"2021-03-02T03:40:51.554Z","v":0}
{"name":"Log","hostname":"lumi-staging-server","pid":3515,"level":30,"msg":"Creating table: posts_authors","time":"2021-03-02T03:40:51.556Z","v":0}
{"name":"Log","hostname":"lumi-staging-server","pid":3515,"level":30,"msg":"Creating table: roles","time":"2021-03-02T03:40:51.558Z","v":0}
{"name":"Log","hostname":"lumi-staging-server","pid":3515,"level":30,"msg":"Creating table: roles_users","time":"2021-03-02T03:40:51.560Z","v":0}
{"name":"Log","hostname":"lumi-staging-server","pid":3515,"level":30,"msg":"Creating table: permissions","time":"2021-03-02T03:40:51.561Z","v":0}
{"name":"Log","hostname":"lumi-staging-server","pid":3515,"level":30,"msg":"Creating table: permissions_users","time":"2021-03-02T03:40:51.563Z","v":0}
{"name":"Log","hostname":"lumi-staging-server","pid":3515,"level":30,"msg":"Creating table: permissions_roles","time":"2021-03-02T03:40:51.565Z","v":0}
{"name":"Log","hostname":"lumi-staging-server","pid":3515,"level":30,"msg":"Creating table: permissions_apps","time":"2021-03-02T03:40:51.566Z","v":0}
{"name":"Log","hostname":"lumi-staging-server","pid":3515,"level":30,"msg":"Creating table: settings","time":"2021-03-02T03:40:51.568Z","v":0}
{"name":"Log","hostname":"lumi-staging-server","pid":3515,"level":30,"msg":"Creating table: tags","time":"2021-03-02T03:40:51.570Z","v":0}
{"name":"Log","hostname":"lumi-staging-server","pid":3515,"level":30,"msg":"Creating table: posts_tags","time":"2021-03-02T03:40:51.572Z","v":0}
{"name":"Log","hostname":"lumi-staging-server","pid":3515,"level":30,"msg":"Creating table: apps","time":"2021-03-02T03:40:51.573Z","v":0}
{"name":"Log","hostname":"lumi-staging-server","pid":3515,"level":30,"msg":"Creating table: app_settings","time":"2021-03-02T03:40:51.575Z","v":0}
{"name":"Log","hostname":"lumi-staging-server","pid":3515,"level":30,"msg":"Creating table: app_fields","time":"2021-03-02T03:40:51.577Z","v":0}
{"name":"Log","hostname":"lumi-staging-server","pid":3515,"level":30,"msg":"Creating table: invites","time":"2021-03-02T03:40:51.578Z","v":0}
{"name":"Log","hostname":"lumi-staging-server","pid":3515,"level":30,"msg":"Creating table: brute","time":"2021-03-02T03:40:51.581Z","v":0}
{"name":"Log","hostname":"lumi-staging-server","pid":3515,"level":30,"msg":"Creating table: webhooks","time":"2021-03-02T03:40:51.583Z","v":0}
{"name":"Log","hostname":"lumi-staging-server","pid":3515,"level":30,"msg":"Creating table: sessions","time":"2021-03-02T03:40:51.585Z","v":0}
{"name":"Log","hostname":"lumi-staging-server","pid":3515,"level":30,"msg":"Creating table: integrations","time":"2021-03-02T03:40:51.589Z","v":0}
{"name":"Log","hostname":"lumi-staging-server","pid":3515,"level":30,"msg":"Creating table: api_keys","time":"2021-03-02T03:40:51.593Z","v":0}
{"name":"Log","hostname":"lumi-staging-server","pid":3515,"level":30,"msg":"Creating table: mobiledoc_revisions","time":"2021-03-02T03:40:51.595Z","v":0}
{"name":"Log","hostname":"lumi-staging-server","pid":3515,"level":30,"msg":"Creating table: members","time":"2021-03-02T03:40:51.597Z","v":0}
{"name":"Log","hostname":"lumi-staging-server","pid":3515,"level":30,"msg":"Creating table: labels","time":"2021-03-02T03:40:51.598Z","v":0}
{"name":"Log","hostname":"lumi-staging-server","pid":3515,"level":30,"msg":"Creating table: members_labels","time":"2021-03-02T03:40:51.600Z","v":0}
{"name":"Log","hostname":"lumi-staging-server","pid":3515,"level":30,"msg":"Creating table: members_stripe_customers","time":"2021-03-02T03:40:51.603Z","v":0}
{"name":"Log","hostname":"lumi-staging-server","pid":3515,"level":30,"msg":"Creating table: members_stripe_customers_subscriptions","time":"2021-03-02T03:40:51.604Z","v":0}
{"name":"Log","hostname":"lumi-staging-server","pid":3515,"level":40,"msg":"Can't connect to the bootstrap socket (localhost 8000) ECONNREFUSED.","time":"2021-03-02T03:40:51.888Z","v":0}
{"name":"Log","hostname":"lumi-staging-server","pid":3515,"level":40,"msg":"Tries: 0","time":"2021-03-02T03:40:51.888Z","v":0}
{"name":"Log","hostname":"lumi-staging-server","pid":3515,"level":40,"msg":"Retrying...","time":"2021-03-02T03:40:51.889Z","v":0}
{"name":"Log","hostname":"lumi-staging-server","pid":3515,"level":40,"msg":"Can't connect to the bootstrap socket (localhost 8000) ECONNREFUSED.","time":"2021-03-02T03:40:52.042Z","v":0}
{"name":"Log","hostname":"lumi-staging-server","pid":3515,"level":40,"msg":"Tries: 1","time":"2021-03-02T03:40:52.042Z","v":0}
{"name":"Log","hostname":"lumi-staging-server","pid":3515,"level":40,"msg":"Retrying...","time":"2021-03-02T03:40:52.043Z","v":0}
{"name":"Log","hostname":"lumi-staging-server","pid":3515,"level":40,"msg":"Can't connect to the bootstrap socket (localhost 8000) ECONNREFUSED.","time":"2021-03-02T03:40:52.195Z","v":0}
{"name":"Log","hostname":"lumi-staging-server","pid":3515,"level":40,"msg":"Tries: 2","time":"2021-03-02T03:40:52.196Z","v":0}
{"name":"Log","hostname":"lumi-staging-server","pid":3515,"level":40,"msg":"Retrying...","time":"2021-03-02T03:40:52.197Z","v":0}
{"name":"Log","hostname":"lumi-staging-server","pid":3515,"level":40,"msg":"Can't connect to the bootstrap socket (localhost 8000) ECONNREFUSED.","time":"2021-03-02T03:40:52.349Z","v":0}
{"name":"Log","hostname":"lumi-staging-server","pid":3515,"level":50,"err":{"id":300,"domain":"http://localhost:2368/","code":"ER_CANT_CREATE_TABLE","name":"MigrationScriptError","statusCode":500,"level":"normal","message":"alter table `members_stripe_customers_subscriptions` add constraint `members_stripe_customers_subscriptions_customer_id_foreign` foreign key (`customer_id`) references `members_stripe_customers` (`customer_id`) on delete CASCADE - ER_CANT_CREATE_TABLE: Can't create table `dbf2z`.`#sql-4fd1_4d19` (errno: 150 \"Foreign key constraint is incorrectly formed\")","context":"{\"name\":\"1-create-tables.js\"}","help":"\"Error occurred while executing the following migration: 1-create-tables.js\"","stack":"MigrationScriptError: alter table `members_stripe_customers_subscriptions` add constraint `members_stripe_customers_subscriptions_customer_id_foreign` foreign key (`customer_id`) references `members_stripe_customers` (`customer_id`) on delete CASCADE - ER_CANT_CREATE_TABLE: Can't create table `dbf2z`.`#sql-4fd1_4d19` (errno: 150 \"Foreign key constraint is incorrectly formed\")\n    at MigrationScriptError.KnexMigrateError (/var/www/ghostblog/versions/3.41.9/node_modules/knex-migrator/lib/errors.js:7:26)\n    at new MigrationScriptError (/var/www/ghostblog/versions/3.41.9/node_modules/knex-migrator/lib/errors.js:25:26)\n    at /var/www/ghostblog/versions/3.41.9/node_modules/knex-migrator/lib/index.js:1055:19\n\nError: ER_CANT_CREATE_TABLE: Can't create table `dbf2z`.`#sql-4fd1_4d19` (errno: 150 \"Foreign key constraint is incorrectly formed\")\n    at Query.Sequence._packetToError (/var/www/ghostblog/versions/3.41.9/node_modules/mysql/lib/protocol/sequences/Sequence.js:47:14)\n    at Query.ErrorPacket (/var/www/ghostblog/versions/3.41.9/node_modules/mysql/lib/protocol/sequences/Query.js:79:18)\n    at Protocol._parsePacket (/var/www/ghostblog/versions/3.41.9/node_modules/mysql/lib/protocol/Protocol.js:291:23)\n    at Parser._parsePacket (/var/www/ghostblog/versions/3.41.9/node_modules/mysql/lib/protocol/Parser.js:433:10)\n    at Parser.write (/var/www/ghostblog/versions/3.41.9/node_modules/mysql/lib/protocol/Parser.js:43:10)\n    at Protocol.write (/var/www/ghostblog/versions/3.41.9/node_modules/mysql/lib/protocol/Protocol.js:38:16)\n    at Socket.<anonymous> (/var/www/ghostblog/versions/3.41.9/node_modules/mysql/lib/Connection.js:88:28)\n    at Socket.<anonymous> (/var/www/ghostblog/versions/3.41.9/node_modules/mysql/lib/Connection.js:526:10)\n    at Socket.emit (events.js:314:20)\n    at addChunk (_stream_readable.js:297:12)\n    at readableAddChunk (_stream_readable.js:272:9)\n    at Socket.Readable.push (_stream_readable.js:213:10)\n    at TCP.onStreamRead (internal/stream_base_commons.js:188:23)\n    --------------------\n    at Protocol._enqueue (/var/www/ghostblog/versions/3.41.9/node_modules/mysql/lib/protocol/Protocol.js:144:48)\n    at Connection.query (/var/www/ghostblog/versions/3.41.9/node_modules/mysql/lib/Connection.js:198:25)\n    at /var/www/ghostblog/versions/3.41.9/node_modules/knex-migrator/node_modules/knex/lib/dialects/mysql/index.js:135:18\n    at new Promise (<anonymous>)\n    at Client_MySQL._query (/var/www/ghostblog/versions/3.41.9/node_modules/knex-migrator/node_modules/knex/lib/dialects/mysql/index.js:129:12)\n    at Client_MySQL.query (/var/www/ghostblog/versions/3.41.9/node_modules/knex-migrator/node_modules/knex/lib/client.js:169:17)\n    at Runner.query (/var/www/ghostblog/versions/3.41.9/node_modules/knex-migrator/node_modules/knex/lib/runner.js:151:36)\n    at Runner.queryArray (/var/www/ghostblog/versions/3.41.9/node_modules/knex-migrator/node_modules/knex/lib/runner.js:248:31)\n    at processTicksAndRejections (internal/process/task_queues.js:97:5)\n    at async /var/www/ghostblog/versions/3.41.9/node_modules/knex-migrator/node_modules/knex/lib/runner.js:277:18"},"msg":"alter table `members_stripe_customers_subscriptions` add constraint `members_stripe_customers_subscriptions_customer_id_foreign` foreign key (`customer_id`) references `members_stripe_customers` (`customer_id`) on delete CASCADE - ER_CANT_CREATE_TABLE: Can't create table `dbf2z`.`#sql-4fd1_4d19` (errno: 150 \"Foreign key constraint is incorrectly formed\")","time":"2021-03-02T03:40:52.355Z","v":0}
{"name":"Log","hostname":"lumi-staging-server","pid":3597,"level":30,"msg":"Creating table: posts","time":"2021-03-02T03:40:55.815Z","v":0}
{"name":"Log","hostname":"lumi-staging-server","pid":3597,"level":30,"msg":"Creating table: posts_meta","time":"2021-03-02T03:40:55.820Z","v":0}
{"name":"Log","hostname":"lumi-staging-server","pid":3597,"level":30,"msg":"Creating table: users","time":"2021-03-02T03:40:55.823Z","v":0}
{"name":"Log","hostname":"lumi-staging-server","pid":3597,"level":30,"msg":"Creating table: posts_authors","time":"2021-03-02T03:40:55.825Z","v":0}
{"name":"Log","hostname":"lumi-staging-server","pid":3597,"level":30,"msg":"Creating table: roles","time":"2021-03-02T03:40:55.827Z","v":0}
{"name":"Log","hostname":"lumi-staging-server","pid":3597,"level":30,"msg":"Creating table: roles_users","time":"2021-03-02T03:40:55.828Z","v":0}
{"name":"Log","hostname":"lumi-staging-server","pid":3597,"level":30,"msg":"Creating table: permissions","time":"2021-03-02T03:40:55.830Z","v":0}
{"name":"Log","hostname":"lumi-staging-server","pid":3597,"level":30,"msg":"Creating table: permissions_users","time":"2021-03-02T03:40:55.832Z","v":0}
{"name":"Log","hostname":"lumi-staging-server","pid":3597,"level":30,"msg":"Creating table: permissions_roles","time":"2021-03-02T03:40:55.834Z","v":0}
{"name":"Log","hostname":"lumi-staging-server","pid":3597,"level":30,"msg":"Creating table: permissions_apps","time":"2021-03-02T03:40:55.836Z","v":0}
{"name":"Log","hostname":"lumi-staging-server","pid":3597,"level":30,"msg":"Creating table: settings","time":"2021-03-02T03:40:55.838Z","v":0}
{"name":"Log","hostname":"lumi-staging-server","pid":3597,"level":30,"msg":"Creating table: tags","time":"2021-03-02T03:40:55.839Z","v":0}
{"name":"Log","hostname":"lumi-staging-server","pid":3597,"level":30,"msg":"Creating table: posts_tags","time":"2021-03-02T03:40:55.841Z","v":0}
{"name":"Log","hostname":"lumi-staging-server","pid":3597,"level":30,"msg":"Creating table: apps","time":"2021-03-02T03:40:55.843Z","v":0}
{"name":"Log","hostname":"lumi-staging-server","pid":3597,"level":30,"msg":"Creating table: app_settings","time":"2021-03-02T03:40:55.845Z","v":0}
{"name":"Log","hostname":"lumi-staging-server","pid":3597,"level":30,"msg":"Creating table: app_fields","time":"2021-03-02T03:40:55.847Z","v":0}
{"name":"Log","hostname":"lumi-staging-server","pid":3597,"level":30,"msg":"Creating table: invites","time":"2021-03-02T03:40:55.848Z","v":0}
{"name":"Log","hostname":"lumi-staging-server","pid":3597,"level":30,"msg":"Creating table: brute","time":"2021-03-02T03:40:55.861Z","v":0}
{"name":"Log","hostname":"lumi-staging-server","pid":3597,"level":30,"msg":"Creating table: webhooks","time":"2021-03-02T03:40:55.863Z","v":0}
{"name":"Log","hostname":"lumi-staging-server","pid":3597,"level":30,"msg":"Creating table: sessions","time":"2021-03-02T03:40:55.864Z","v":0}
{"name":"Log","hostname":"lumi-staging-server","pid":3597,"level":30,"msg":"Creating table: integrations","time":"2021-03-02T03:40:55.869Z","v":0}
{"name":"Log","hostname":"lumi-staging-server","pid":3597,"level":30,"msg":"Creating table: api_keys","time":"2021-03-02T03:40:55.873Z","v":0}
{"name":"Log","hostname":"lumi-staging-server","pid":3597,"level":30,"msg":"Creating table: mobiledoc_revisions","time":"2021-03-02T03:40:55.874Z","v":0}
{"name":"Log","hostname":"lumi-staging-server","pid":3597,"level":30,"msg":"Creating table: members","time":"2021-03-02T03:40:55.876Z","v":0}
{"name":"Log","hostname":"lumi-staging-server","pid":3597,"level":30,"msg":"Creating table: labels","time":"2021-03-02T03:40:55.878Z","v":0}
{"name":"Log","hostname":"lumi-staging-server","pid":3597,"level":30,"msg":"Creating table: members_labels","time":"2021-03-02T03:40:55.879Z","v":0}
{"name":"Log","hostname":"lumi-staging-server","pid":3597,"level":30,"msg":"Creating table: members_stripe_customers","time":"2021-03-02T03:40:55.882Z","v":0}
{"name":"Log","hostname":"lumi-staging-server","pid":3597,"level":30,"msg":"Creating table: members_stripe_customers_subscriptions","time":"2021-03-02T03:40:55.884Z","v":0}
{"name":"Log","hostname":"lumi-staging-server","pid":3597,"level":30,"msg":"Creating table: actions","time":"2021-03-02T03:40:55.885Z","v":0}
{"name":"Log","hostname":"lumi-staging-server","pid":3597,"level":30,"msg":"Creating table: emails","time":"2021-03-02T03:40:56.011Z","v":0}
{"name":"Log","hostname":"lumi-staging-server","pid":3597,"level":30,"msg":"Creating table: email_batches","time":"2021-03-02T03:40:56.206Z","v":0}
{"name":"Log","hostname":"lumi-staging-server","pid":3597,"level":30,"msg":"Creating table: email_recipients","time":"2021-03-02T03:40:56.535Z","v":0}
{"name":"Log","hostname":"lumi-staging-server","pid":3597,"level":30,"msg":"Creating table: tokens","time":"2021-03-02T03:40:57.220Z","v":0}
{"name":"Log","hostname":"lumi-staging-server","pid":3597,"level":30,"msg":"Creating table: snippets","time":"2021-03-02T03:40:57.347Z","v":0}
{"name":"Log","hostname":"lumi-staging-server","pid":3597,"level":30,"msg":"Model: Tag","time":"2021-03-02T03:40:57.498Z","v":0}
{"name":"Log","hostname":"lumi-staging-server","pid":3597,"level":30,"msg":"Model: Role","time":"2021-03-02T03:40:57.643Z","v":0}
{"name":"Log","hostname":"lumi-staging-server","pid":3597,"level":30,"msg":"Model: Permission","time":"2021-03-02T03:40:57.680Z","v":0}
{"name":"Log","hostname":"lumi-staging-server","pid":3597,"level":30,"msg":"Model: User","time":"2021-03-02T03:40:57.996Z","v":0}
{"name":"Log","hostname":"lumi-staging-server","pid":3597,"level":30,"msg":"Model: Post","time":"2021-03-02T03:40:58.570Z","v":0}
{"name":"Log","hostname":"lumi-staging-server","pid":3597,"level":30,"msg":"Model: Integration","time":"2021-03-02T03:40:59.214Z","v":0}
{"name":"Log","hostname":"lumi-staging-server","pid":3597,"level":30,"msg":"Relation: Role to Permission","time":"2021-03-02T03:40:59.309Z","v":0}
{"name":"Log","hostname":"lumi-staging-server","pid":3597,"level":30,"msg":"Relation: Post to Tag","time":"2021-03-02T03:40:59.685Z","v":0}
{"name":"Log","hostname":"lumi-staging-server","pid":3597,"level":30,"msg":"Relation: User to Role","time":"2021-03-02T03:40:59.757Z","v":0}
{"name":"Log","hostname":"lumi-staging-server","pid":3597,"level":30,"msg":"Ghost is running in production...","time":"2021-03-02T03:41:19.867Z","v":0}
{"name":"Log","hostname":"lumi-staging-server","pid":3597,"level":30,"msg":"Your site is now available on http://localhost:2368/","time":"2021-03-02T03:41:19.869Z","v":0}
{"name":"Log","hostname":"lumi-staging-server","pid":3597,"level":30,"msg":"Ctrl+C to shut down","time":"2021-03-02T03:41:19.870Z","v":0}
{"name":"Log","hostname":"lumi-staging-server","pid":3597,"level":40,"msg":"Can't connect to the bootstrap socket (localhost 8000) ECONNREFUSED.","time":"2021-03-02T03:41:19.880Z","v":0}
{"name":"Log","hostname":"lumi-staging-server","pid":3597,"level":40,"msg":"Tries: 0","time":"2021-03-02T03:41:19.882Z","v":0}
{"name":"Log","hostname":"lumi-staging-server","pid":3597,"level":40,"msg":"Retrying...","time":"2021-03-02T03:41:19.882Z","v":0}
{"name":"Log","hostname":"lumi-staging-server","pid":3597,"level":40,"msg":"Can't connect to the bootstrap socket (localhost 8000) ECONNREFUSED.","time":"2021-03-02T03:41:20.035Z","v":0}
{"name":"Log","hostname":"lumi-staging-server","pid":3597,"level":40,"msg":"Tries: 1","time":"2021-03-02T03:41:20.036Z","v":0}
{"name":"Log","hostname":"lumi-staging-server","pid":3597,"level":40,"msg":"Retrying...","time":"2021-03-02T03:41:20.036Z","v":0}
{"name":"Log","hostname":"lumi-staging-server","pid":3597,"level":40,"msg":"Can't connect to the bootstrap socket (localhost 8000) ECONNREFUSED.","time":"2021-03-02T03:41:20.188Z","v":0}
{"name":"Log","hostname":"lumi-staging-server","pid":3597,"level":40,"msg":"Tries: 2","time":"2021-03-02T03:41:20.189Z","v":0}
{"name":"Log","hostname":"lumi-staging-server","pid":3597,"level":40,"msg":"Retrying...","time":"2021-03-02T03:41:20.190Z","v":0}
{"name":"Log","hostname":"lumi-staging-server","pid":3597,"level":40,"msg":"Can't connect to the bootstrap socket (localhost 8000) ECONNREFUSED.","time":"2021-03-02T03:41:20.342Z","v":0}
{"name":"Log","hostname":"lumi-staging-server","pid":3597,"level":30,"msg":"Ghost boot 26.54s","time":"2021-03-02T03:41:20.343Z","v":0}
{"name":"Log","hostname":"lumi-staging-server","pid":3597,"level":30,"req":{"meta":{"requestId":"2224e416-68bc-41ff-af3f-fc988ff82ea7","userId":null},"url":"/","method":"HEAD","originalUrl":"/","params":{},"headers":{"host":"localhost:2368","user-agent":"curl/7.47.0","accept":"*/*"},"query":{}},"res":{"_headers":{"x-powered-by":"Express","cache-control":"public, max-age=0","content-type":"text/html; charset=utf-8","content-length":"29518","etag":"W/\"734e-0weKn1B64EDNPbRLiua3yuh0Zeo\"","vary":"Accept-Encoding"},"statusCode":200,"responseTime":"3145ms"},"msg":"","time":"2021-03-02T03:42:09.141Z","v":0}
{"name":"Log","hostname":"lumi-staging-server","pid":3597,"level":40,"msg":"Ghost is shutting down","time":"2021-03-02T03:50:51.383Z","v":0}
{"name":"Log","hostname":"lumi-staging-server","pid":3597,"level":40,"msg":"Ghost is shutting down","time":"2021-03-02T03:50:51.387Z","v":0}
{"name":"Log","hostname":"lumi-staging-server","pid":3597,"level":40,"msg":"Ghost has shut down","time":"2021-03-02T03:50:51.391Z","v":0}
{"name":"Log","hostname":"lumi-staging-server","pid":3906,"level":30,"msg":"Ghost is running in production...","time":"2021-03-02T03:50:55.872Z","v":0}
{"name":"Log","hostname":"lumi-staging-server","pid":3906,"level":30,"msg":"Your site is now available on http://localhost:2368/","time":"2021-03-02T03:50:55.874Z","v":0}
{"name":"Log","hostname":"lumi-staging-server","pid":3906,"level":30,"msg":"Ctrl+C to shut down","time":"2021-03-02T03:50:55.875Z","v":0}
{"name":"Log","hostname":"lumi-staging-server","pid":3906,"level":40,"msg":"Can't connect to the bootstrap socket (localhost 8000) ECONNREFUSED.","time":"2021-03-02T03:50:55.886Z","v":0}
{"name":"Log","hostname":"lumi-staging-server","pid":3906,"level":40,"msg":"Tries: 0","time":"2021-03-02T03:50:55.887Z","v":0}
{"name":"Log","hostname":"lumi-staging-server","pid":3906,"level":40,"msg":"Retrying...","time":"2021-03-02T03:50:55.888Z","v":0}
{"name":"Log","hostname":"lumi-staging-server","pid":3906,"level":40,"msg":"Can't connect to the bootstrap socket (localhost 8000) ECONNREFUSED.","time":"2021-03-02T03:50:56.040Z","v":0}
{"name":"Log","hostname":"lumi-staging-server","pid":3906,"level":40,"msg":"Tries: 1","time":"2021-03-02T03:50:56.041Z","v":0}
{"name":"Log","hostname":"lumi-staging-server","pid":3906,"level":40,"msg":"Retrying...","time":"2021-03-02T03:50:56.042Z","v":0}
{"name":"Log","hostname":"lumi-staging-server","pid":3906,"level":40,"msg":"Can't connect to the bootstrap socket (localhost 8000) ECONNREFUSED.","time":"2021-03-02T03:50:56.195Z","v":0}
{"name":"Log","hostname":"lumi-staging-server","pid":3906,"level":40,"msg":"Tries: 2","time":"2021-03-02T03:50:56.195Z","v":0}
{"name":"Log","hostname":"lumi-staging-server","pid":3906,"level":40,"msg":"Retrying...","time":"2021-03-02T03:50:56.196Z","v":0}
{"name":"Log","hostname":"lumi-staging-server","pid":3906,"level":40,"msg":"Can't connect to the bootstrap socket (localhost 8000) ECONNREFUSED.","time":"2021-03-02T03:50:56.348Z","v":0}
{"name":"Log","hostname":"lumi-staging-server","pid":3906,"level":30,"msg":"Ghost boot 4.218s","time":"2021-03-02T03:50:56.349Z","v":0}
{"name":"Log","hostname":"lumi-staging-server","pid":3906,"level":30,"req":{"meta":{"requestId":"7f3abd9d-5f59-43e3-b5ea-dd196f2d9f77","userId":null},"url":"/","method":"GET","originalUrl":"/","params":{},"headers":{"host":"127.0.0.1:2368","pragma":"no-cache","cache-control":"no-cache","sec-ch-ua":"\"Chromium\";v=\"88\", \"Google Chrome\";v=\"88\", \";Not A Brand\";v=\"99\"","sec-ch-ua-mobile":"?0","upgrade-insecure-requests":"1","user-agent":"Mozilla/5.0 (Windows NT 10.0; Win64; x64) AppleWebKit/537.36 (KHTML, like Gecko) Chrome/88.0.4324.190 Safari/537.36","accept":"text/html,application/xhtml+xml,application/xml;q=0.9,image/avif,image/webp,image/apng,*/*;q=0.8,application/signed-exchange;v=b3;q=0.9","sec-fetch-site":"none","sec-fetch-mode":"navigate","sec-fetch-user":"?1","sec-fetch-dest":"document","accept-encoding":"gzip, deflate, br","accept-language":"fil-PH,fil;q=0.9,tl;q=0.8,en-US;q=0.7,en;q=0.6","cookie":"**REDACTED**","x-forwarded-for":"49.145.109.61","x-forwarded-host":"f2z.co","x-forwarded-server":"f2z.co","connection":"Keep-Alive"},"query":{}},"res":{"_headers":{"x-powered-by":"Express","cache-control":"public, max-age=0","content-type":"text/html; charset=utf-8","etag":"W/\"734e-84rRH4AdkL0tg+qs/rkzcLYGDN8\"","vary":"Accept-Encoding","content-encoding":"gzip"},"statusCode":200,"responseTime":"793ms"},"msg":"","time":"2021-03-02T03:52:24.890Z","v":0}
{"name":"Log","hostname":"lumi-staging-server","pid":3906,"level":30,"req":{"meta":{"requestId":"d6e24939-7ec2-4aeb-b839-9be0e6846750","userId":null},"url":"/assets/built/screen.css?v=68e88c164e","method":"GET","originalUrl":"/assets/built/screen.css?v=68e88c164e","params":{},"headers":{"host":"127.0.0.1:2368","pragma":"no-cache","cache-control":"no-cache","sec-ch-ua":"\"Chromium\";v=\"88\", \"Google Chrome\";v=\"88\", \";Not A Brand\";v=\"99\"","sec-ch-ua-mobile":"?0","user-agent":"Mozilla/5.0 (Windows NT 10.0; Win64; x64) AppleWebKit/537.36 (KHTML, like Gecko) Chrome/88.0.4324.190 Safari/537.36","accept":"text/css,*/*;q=0.1","sec-fetch-site":"same-origin","sec-fetch-mode":"no-cors","sec-fetch-dest":"style","referer":"https://f2z.co/","accept-encoding":"gzip, deflate, br","accept-language":"fil-PH,fil;q=0.9,tl;q=0.8,en-US;q=0.7,en;q=0.6","cookie":"**REDACTED**","x-forwarded-for":"49.145.109.61","x-forwarded-host":"f2z.co","x-forwarded-server":"f2z.co","connection":"Keep-Alive"},"query":{"v":"68e88c164e"}},"res":{"_headers":{"x-powered-by":"Express","accept-ranges":"bytes","cache-control":"public, max-age=31536000","last-modified":"Sat, 26 Oct 1985 08:15:00 GMT","etag":"W/\"afb8-7438674ba0\"","content-type":"text/css; charset=UTF-8","vary":"Accept-Encoding","content-encoding":"gzip"},"statusCode":200,"responseTime":"7ms"},"msg":"","time":"2021-03-02T03:52:25.137Z","v":0}
{"name":"Log","hostname":"lumi-staging-server","pid":3906,"level":30,"req":{"meta":{"requestId":"ccb7be4e-151e-4cc2-9322-bb1251485c0e","userId":null},"url":"/assets/built/casper.js?v=68e88c164e","method":"GET","originalUrl":"/assets/built/casper.js?v=68e88c164e","params":{},"headers":{"host":"127.0.0.1:2368","pragma":"no-cache","cache-control":"no-cache","sec-ch-ua":"\"Chromium\";v=\"88\", \"Google Chrome\";v=\"88\", \";Not A Brand\";v=\"99\"","sec-ch-ua-mobile":"?0","user-agent":"Mozilla/5.0 (Windows NT 10.0; Win64; x64) AppleWebKit/537.36 (KHTML, like Gecko) Chrome/88.0.4324.190 Safari/537.36","accept":"*/*","sec-fetch-site":"same-origin","sec-fetch-mode":"no-cors","sec-fetch-dest":"script","referer":"https://f2z.co/","accept-encoding":"gzip, deflate, br","accept-language":"fil-PH,fil;q=0.9,tl;q=0.8,en-US;q=0.7,en;q=0.6","cookie":"**REDACTED**","x-forwarded-for":"49.145.109.61","x-forwarded-host":"f2z.co","x-forwarded-server":"f2z.co","connection":"Keep-Alive"},"query":{"v":"68e88c164e"}},"res":{"_headers":{"x-powered-by":"Express","accept-ranges":"bytes","cache-control":"public, max-age=31536000","last-modified":"Sat, 26 Oct 1985 08:15:00 GMT","etag":"W/\"dee-7438674ba0\"","content-type":"application/javascript; charset=UTF-8","vary":"Accept-Encoding","content-encoding":"gzip"},"statusCode":200,"responseTime":"4ms"},"msg":"","time":"2021-03-02T03:52:25.213Z","v":0}
{"name":"Log","hostname":"lumi-staging-server","pid":3906,"level":30,"req":{"meta":{"requestId":"cae4627b-5d3f-4cd6-a0f4-aea23e1d4d28","userId":null},"url":"/favicon.ico","method":"GET","originalUrl":"/favicon.ico","params":{},"headers":{"host":"127.0.0.1:2368","pragma":"no-cache","cache-control":"no-cache","sec-ch-ua":"\"Chromium\";v=\"88\", \"Google Chrome\";v=\"88\", \";Not A Brand\";v=\"99\"","sec-ch-ua-mobile":"?0","user-agent":"Mozilla/5.0 (Windows NT 10.0; Win64; x64) AppleWebKit/537.36 (KHTML, like Gecko) Chrome/88.0.4324.190 Safari/537.36","accept":"image/avif,image/webp,image/apng,image/svg+xml,image/*,*/*;q=0.8","sec-fetch-site":"same-origin","sec-fetch-mode":"no-cors","sec-fetch-dest":"image","referer":"https://f2z.co/","accept-encoding":"gzip, deflate, br","accept-language":"fil-PH,fil;q=0.9,tl;q=0.8,en-US;q=0.7,en;q=0.6","cookie":"**REDACTED**","x-forwarded-for":"49.145.109.61","x-forwarded-host":"f2z.co","x-forwarded-server":"f2z.co","connection":"Keep-Alive"},"query":{}},"res":{"_headers":{"x-powered-by":"Express","content-type":"image/x-icon","etag":"\"8d1f3e04f7acd092d89057cf273eaa96\"","cache-control":"public, max-age=86400","vary":"Accept-Encoding","content-encoding":"gzip"},"statusCode":200,"responseTime":"22ms"},"msg":"","time":"2021-03-02T03:52:27.730Z","v":0}
{"name":"Log","hostname":"lumi-staging-server","pid":3906,"level":30,"req":{"meta":{"requestId":"bd7f2179-355d-4513-8100-37c21aba60ce","userId":null},"url":"/","method":"GET","originalUrl":"/","params":{},"headers":{"host":"127.0.0.1:2368","upgrade-insecure-requests":"1","user-agent":"Mozilla/5.0 (X11; Linux x86_64) AppleWebKit/537.36 (KHTML, like Gecko) HeadlessChrome/88.0.4324.150 Safari/537.36","accept":"text/html,application/xhtml+xml,application/xml;q=0.9,image/avif,image/webp,image/apng,*/*;q=0.8,application/signed-exchange;v=b3;q=0.9","sec-fetch-site":"none","sec-fetch-mode":"navigate","sec-fetch-user":"?1","sec-fetch-dest":"document","accept-encoding":"gzip, deflate, br","accept-language":"en-US","x-forwarded-for":"77.139.82.113","x-forwarded-host":"f2z.co","x-forwarded-server":"f2z.co","connection":"Keep-Alive"},"query":{}},"res":{"_headers":{"x-powered-by":"Express","cache-control":"public, max-age=0","content-type":"text/html; charset=utf-8","etag":"W/\"734e-84rRH4AdkL0tg+qs/rkzcLYGDN8\"","vary":"Accept-Encoding","content-encoding":"gzip"},"statusCode":200,"responseTime":"109ms"},"msg":"","time":"2021-03-02T03:53:17.573Z","v":0}
{"name":"Log","hostname":"lumi-staging-server","pid":3906,"level":30,"req":{"meta":{"requestId":"5a6010b5-7994-4116-ba66-4f682458c6ce","userId":null},"url":"/assets/built/screen.css?v=68e88c164e","method":"GET","originalUrl":"/assets/built/screen.css?v=68e88c164e","params":{},"headers":{"host":"127.0.0.1:2368","user-agent":"Mozilla/5.0 (X11; Linux x86_64) AppleWebKit/537.36 (KHTML, like Gecko) HeadlessChrome/88.0.4324.150 Safari/537.36","accept":"text/css,*/*;q=0.1","sec-fetch-site":"same-origin","sec-fetch-mode":"no-cors","sec-fetch-dest":"style","referer":"https://f2z.co/","accept-encoding":"gzip, deflate, br","accept-language":"en-US","x-forwarded-for":"77.139.82.113","x-forwarded-host":"f2z.co","x-forwarded-server":"f2z.co","connection":"Keep-Alive"},"query":{"v":"68e88c164e"}},"res":{"_headers":{"x-powered-by":"Express","accept-ranges":"bytes","cache-control":"public, max-age=31536000","last-modified":"Sat, 26 Oct 1985 08:15:00 GMT","etag":"W/\"afb8-7438674ba0\"","content-type":"text/css; charset=UTF-8","vary":"Accept-Encoding","content-encoding":"gzip"},"statusCode":200,"responseTime":"5ms"},"msg":"","time":"2021-03-02T03:53:17.761Z","v":0}
{"name":"Log","hostname":"lumi-staging-server","pid":3906,"level":30,"req":{"meta":{"requestId":"8dad91a6-a6d1-4270-9e25-d761eddd26ef","userId":null},"url":"/assets/built/casper.js?v=68e88c164e","method":"GET","originalUrl":"/assets/built/casper.js?v=68e88c164e","params":{},"headers":{"host":"127.0.0.1:2368","user-agent":"Mozilla/5.0 (X11; Linux x86_64) AppleWebKit/537.36 (KHTML, like Gecko) HeadlessChrome/88.0.4324.150 Safari/537.36","accept":"*/*","sec-fetch-site":"same-origin","sec-fetch-mode":"no-cors","sec-fetch-dest":"script","referer":"https://f2z.co/","accept-encoding":"gzip, deflate, br","accept-language":"en-US","x-forwarded-for":"77.139.82.113","x-forwarded-host":"f2z.co","x-forwarded-server":"f2z.co","connection":"Keep-Alive"},"query":{"v":"68e88c164e"}},"res":{"_headers":{"x-powered-by":"Express","accept-ranges":"bytes","cache-control":"public, max-age=31536000","last-modified":"Sat, 26 Oct 1985 08:15:00 GMT","etag":"W/\"dee-7438674ba0\"","content-type":"application/javascript; charset=UTF-8","vary":"Accept-Encoding","content-encoding":"gzip"},"statusCode":200,"responseTime":"4ms"},"msg":"","time":"2021-03-02T03:53:17.941Z","v":0}
{"name":"Log","hostname":"lumi-staging-server","pid":3906,"level":30,"req":{"meta":{"requestId":"50904f48-c972-4b33-8268-fa5bc81da86a","userId":null},"url":"/","method":"GET","originalUrl":"/","params":{},"headers":{"host":"127.0.0.1:2368","user-agent":"Mozilla/5.0 (X11; Linux i686; rv:10.0) Gecko/20100101 Firefox/10.0","x-forwarded-for":"179.43.169.181","x-forwarded-host":"f2z.co","x-forwarded-server":"f2z.co","connection":"Keep-Alive"},"query":{}},"res":{"_headers":{"x-powered-by":"Express","cache-control":"public, max-age=0","content-type":"text/html; charset=utf-8","content-length":"29518","etag":"W/\"734e-84rRH4AdkL0tg+qs/rkzcLYGDN8\"","vary":"Accept-Encoding"},"statusCode":200,"responseTime":"141ms"},"msg":"","time":"2021-03-02T03:54:04.392Z","v":0}
{"name":"Log","hostname":"lumi-staging-server","pid":3906,"level":30,"req":{"meta":{"requestId":"9e56b030-6c3b-4907-9bab-ddd92ceb6c2c","userId":null},"url":"/","method":"GET","originalUrl":"/","params":{},"headers":{"host":"127.0.0.1:2368","user-agent":"Mozilla/5.0 (X11; Linux i686; rv:10.0) Gecko/20100101 Firefox/10.0","x-forwarded-for":"179.43.169.181","x-forwarded-host":"f2z.co","x-forwarded-server":"f2z.co","connection":"Keep-Alive"},"query":{}},"res":{"_headers":{"x-powered-by":"Express","cache-control":"public, max-age=0","content-type":"text/html; charset=utf-8","content-length":"29518","etag":"W/\"734e-84rRH4AdkL0tg+qs/rkzcLYGDN8\"","vary":"Accept-Encoding"},"statusCode":200,"responseTime":"84ms"},"msg":"","time":"2021-03-02T03:54:04.534Z","v":0}
{"name":"Log","hostname":"lumi-staging-server","pid":3906,"level":30,"req":{"meta":{"requestId":"6bef1645-ddf9-4d8f-899b-ab5fe2b9fa2b","userId":null},"url":"/","method":"GET","originalUrl":"/","params":{},"headers":{"host":"127.0.0.1:2368","upgrade-insecure-requests":"1","user-agent":"Mozilla/5.0 (Windows NT 10.0; Win64; x64) AppleWebKit/537.36 (KHTML, like Gecko) Chrome/88.0.4324.190 Safari/537.36","accept":"text/html,application/xhtml+xml,application/xml;q=0.9,image/avif,image/webp,image/apng,*/*;q=0.8,application/signed-exchange;v=b3;q=0.9","sec-fetch-site":"none","sec-fetch-mode":"navigate","sec-fetch-user":"?1","sec-fetch-dest":"document","sec-ch-ua":"\"Chromium\";v=\"88\", \"Google Chrome\";v=\"88\", \";Not A Brand\";v=\"99\"","sec-ch-ua-mobile":"?0","accept-encoding":"gzip, deflate, br","accept-language":"fil-PH,fil;q=0.9,tl;q=0.8,en-US;q=0.7,en;q=0.6","cookie":"**REDACTED**","if-none-match":"W/\"734e-84rRH4AdkL0tg+qs/rkzcLYGDN8\"","x-forwarded-for":"49.145.109.61","x-forwarded-host":"f2z.co","x-forwarded-server":"f2z.co","connection":"Keep-Alive"},"query":{}},"res":{"_headers":{"x-powered-by":"Express","cache-control":"public, max-age=0","etag":"W/\"734e-84rRH4AdkL0tg+qs/rkzcLYGDN8\""},"statusCode":304,"responseTime":"165ms"},"msg":"","time":"2021-03-02T03:54:11.653Z","v":0}
{"name":"Log","hostname":"lumi-staging-server","pid":3906,"level":30,"req":{"meta":{"requestId":"d52404f1-cecd-4d0f-9b4f-500a0362ccd0","userId":null},"url":"/","method":"GET","originalUrl":"/","params":{},"headers":{"host":"127.0.0.1:2368","upgrade-insecure-requests":"1","user-agent":"Mozilla/5.0 (Macintosh; Intel Mac OS X 11_2_2) AppleWebKit/537.36 (KHTML, like Gecko) Chrome/88.0.4324.192 Safari/537.36","accept":"text/html,application/xhtml+xml,application/xml;q=0.9,image/avif,image/webp,image/apng,*/*;q=0.8,application/signed-exchange;v=b3;q=0.9","sec-fetch-site":"cross-site","sec-fetch-mode":"navigate","sec-fetch-user":"?1","sec-fetch-dest":"document","accept-encoding":"gzip, deflate, br","accept-language":"en-US,en;q=0.9","x-forwarded-for":"112.206.135.38","x-forwarded-host":"f2z.co","x-forwarded-server":"f2z.co","connection":"Keep-Alive"},"query":{}},"res":{"_headers":{"x-powered-by":"Express","cache-control":"public, max-age=0","content-type":"text/html; charset=utf-8","etag":"W/\"734e-84rRH4AdkL0tg+qs/rkzcLYGDN8\"","vary":"Accept-Encoding","content-encoding":"gzip"},"statusCode":200,"responseTime":"107ms"},"msg":"","time":"2021-03-02T04:05:29.318Z","v":0}
{"name":"Log","hostname":"lumi-staging-server","pid":3906,"level":30,"req":{"meta":{"requestId":"ec6c4e66-f322-4ecb-8b41-ffcfcc4c5977","userId":null},"url":"/assets/built/screen.css?v=68e88c164e","method":"GET","originalUrl":"/assets/built/screen.css?v=68e88c164e","params":{},"headers":{"host":"127.0.0.1:2368","user-agent":"Mozilla/5.0 (Macintosh; Intel Mac OS X 11_2_2) AppleWebKit/537.36 (KHTML, like Gecko) Chrome/88.0.4324.192 Safari/537.36","accept":"text/css,*/*;q=0.1","sec-fetch-site":"same-origin","sec-fetch-mode":"no-cors","sec-fetch-dest":"style","referer":"https://f2z.co/","accept-encoding":"gzip, deflate, br","accept-language":"en-US,en;q=0.9","x-forwarded-for":"112.206.135.38","x-forwarded-host":"f2z.co","x-forwarded-server":"f2z.co","connection":"Keep-Alive"},"query":{"v":"68e88c164e"}},"res":{"_headers":{"x-powered-by":"Express","accept-ranges":"bytes","cache-control":"public, max-age=31536000","last-modified":"Sat, 26 Oct 1985 08:15:00 GMT","etag":"W/\"afb8-7438674ba0\"","content-type":"text/css; charset=UTF-8","vary":"Accept-Encoding","content-encoding":"gzip"},"statusCode":200,"responseTime":"5ms"},"msg":"","time":"2021-03-02T04:05:29.573Z","v":0}
{"name":"Log","hostname":"lumi-staging-server","pid":3906,"level":30,"req":{"meta":{"requestId":"5b6e084f-2b2c-4ba6-9b40-3c863ce13ad7","userId":null},"url":"/assets/built/casper.js?v=68e88c164e","method":"GET","originalUrl":"/assets/built/casper.js?v=68e88c164e","params":{},"headers":{"host":"127.0.0.1:2368","user-agent":"Mozilla/5.0 (Macintosh; Intel Mac OS X 11_2_2) AppleWebKit/537.36 (KHTML, like Gecko) Chrome/88.0.4324.192 Safari/537.36","accept":"*/*","sec-fetch-site":"same-origin","sec-fetch-mode":"no-cors","sec-fetch-dest":"script","referer":"https://f2z.co/","accept-encoding":"gzip, deflate, br","accept-language":"en-US,en;q=0.9","x-forwarded-for":"112.206.135.38","x-forwarded-host":"f2z.co","x-forwarded-server":"f2z.co","connection":"Keep-Alive"},"query":{"v":"68e88c164e"}},"res":{"_headers":{"x-powered-by":"Express","accept-ranges":"bytes","cache-control":"public, max-age=31536000","last-modified":"Sat, 26 Oct 1985 08:15:00 GMT","etag":"W/\"dee-7438674ba0\"","content-type":"application/javascript; charset=UTF-8","vary":"Accept-Encoding","content-encoding":"gzip"},"statusCode":200,"responseTime":"4ms"},"msg":"","time":"2021-03-02T04:05:29.755Z","v":0}
{"name":"Log","hostname":"lumi-staging-server","pid":3906,"level":30,"req":{"meta":{"requestId":"0db35a84-f411-4a65-9cb0-861505c91a33","userId":null},"url":"/favicon.ico","method":"GET","originalUrl":"/favicon.ico","params":{},"headers":{"host":"127.0.0.1:2368","user-agent":"Mozilla/5.0 (Macintosh; Intel Mac OS X 11_2_2) AppleWebKit/537.36 (KHTML, like Gecko) Chrome/88.0.4324.192 Safari/537.36","accept":"image/avif,image/webp,image/apng,image/svg+xml,image/*,*/*;q=0.8","sec-fetch-site":"same-origin","sec-fetch-mode":"no-cors","sec-fetch-dest":"image","referer":"https://f2z.co/","accept-encoding":"gzip, deflate, br","accept-language":"en-US,en;q=0.9","x-forwarded-for":"112.206.135.38","x-forwarded-host":"f2z.co","x-forwarded-server":"f2z.co","connection":"Keep-Alive"},"query":{}},"res":{"_headers":{"x-powered-by":"Express","content-type":"image/x-icon","etag":"\"8d1f3e04f7acd092d89057cf273eaa96\"","cache-control":"public, max-age=86400","vary":"Accept-Encoding","content-encoding":"gzip"},"statusCode":200,"responseTime":"2ms"},"msg":"","time":"2021-03-02T04:05:35.415Z","v":0}
{"name":"Log","hostname":"lumi-staging-server","pid":3906,"level":40,"msg":"Ghost is shutting down","time":"2021-03-02T04:13:05.151Z","v":0}
{"name":"Log","hostname":"lumi-staging-server","pid":3906,"level":40,"msg":"Ghost is shutting down","time":"2021-03-02T04:13:05.153Z","v":0}
{"name":"Log","hostname":"lumi-staging-server","pid":3906,"level":40,"msg":"Ghost has shut down","time":"2021-03-02T04:13:05.158Z","v":0}
{"name":"Log","hostname":"lumi-staging-server","pid":7893,"level":30,"msg":"Ghost is running in production...","time":"2021-03-03T06:56:04.498Z","v":0}
{"name":"Log","hostname":"lumi-staging-server","pid":7893,"level":30,"msg":"Your site is now available on http://localhost:2368/","time":"2021-03-03T06:56:04.502Z","v":0}
{"name":"Log","hostname":"lumi-staging-server","pid":7893,"level":30,"msg":"Ctrl+C to shut down","time":"2021-03-03T06:56:04.503Z","v":0}
{"name":"Log","hostname":"lumi-staging-server","pid":7893,"level":30,"msg":"Ghost boot 4.186s","time":"2021-03-03T06:56:04.521Z","v":0}
{"name":"Log","hostname":"lumi-staging-server","pid":7893,"level":30,"msg":"Bootstrap client was closed.","time":"2021-03-03T06:56:04.524Z","v":0}
{"name":"Log","hostname":"lumi-staging-server","pid":7893,"level":30,"req":{"meta":{"requestId":"249e78b2-98e2-424d-b7a3-3a5f4dac2c7b","userId":null},"url":"/","method":"GET","originalUrl":"/ghost/","params":{"0":"/"},"headers":{"host":"f2z.co","pragma":"no-cache","cache-control":"no-cache","sec-ch-ua":"\"Chromium\";v=\"88\", \"Google Chrome\";v=\"88\", \";Not A Brand\";v=\"99\"","sec-ch-ua-mobile":"?0","upgrade-insecure-requests":"1","user-agent":"Mozilla/5.0 (Windows NT 10.0; Win64; x64) AppleWebKit/537.36 (KHTML, like Gecko) Chrome/88.0.4324.190 Safari/537.36","accept":"text/html,application/xhtml+xml,application/xml;q=0.9,image/avif,image/webp,image/apng,*/*;q=0.8,application/signed-exchange;v=b3;q=0.9","sec-fetch-site":"same-origin","sec-fetch-mode":"navigate","sec-fetch-user":"?1","sec-fetch-dest":"document","referer":"https://f2z.co/ghost/","accept-encoding":"gzip, deflate, br","accept-language":"fil-PH,fil;q=0.9,tl;q=0.8,en-US;q=0.7,en;q=0.6","cookie":"**REDACTED**","x-forwarded-for":"49.145.109.61","x-forwarded-host":"f2z.co","x-forwarded-server":"f2z.co","connection":"Keep-Alive"},"query":{}},"res":{"_headers":{"x-powered-by":"Express","cache-control":"no-cache, private, no-store, must-revalidate, max-stale=0, post-check=0, pre-check=0","x-frame-options":"sameorigin","accept-ranges":"bytes","last-modified":"Sat, 26 Oct 1985 08:15:00 GMT","etag":"W/\"db8-7438674ba0\"","content-type":"text/html; charset=UTF-8","vary":"Accept-Encoding","content-encoding":"gzip"},"statusCode":200,"responseTime":"36ms"},"msg":"","time":"2021-03-03T06:56:23.732Z","v":0}
{"name":"Log","hostname":"lumi-staging-server","pid":7893,"level":30,"req":{"meta":{"requestId":"0aa98a65-4ff0-4013-a372-227e04153d98","userId":null},"url":"/vendor.min-5f3241a89eba4699965f4f257ab2e40a.css","method":"GET","originalUrl":"/ghost/assets/vendor.min-5f3241a89eba4699965f4f257ab2e40a.css","params":{},"headers":{"host":"f2z.co","pragma":"no-cache","cache-control":"no-cache","sec-ch-ua":"\"Chromium\";v=\"88\", \"Google Chrome\";v=\"88\", \";Not A Brand\";v=\"99\"","sec-ch-ua-mobile":"?0","user-agent":"Mozilla/5.0 (Windows NT 10.0; Win64; x64) AppleWebKit/537.36 (KHTML, like Gecko) Chrome/88.0.4324.190 Safari/537.36","accept":"text/css,*/*;q=0.1","sec-fetch-site":"same-origin","sec-fetch-mode":"no-cors","sec-fetch-dest":"style","referer":"https://f2z.co/ghost/","accept-encoding":"gzip, deflate, br","accept-language":"fil-PH,fil;q=0.9,tl;q=0.8,en-US;q=0.7,en;q=0.6","cookie":"**REDACTED**","x-forwarded-for":"49.145.109.61","x-forwarded-host":"f2z.co","x-forwarded-server":"f2z.co","connection":"Keep-Alive"},"query":{}},"res":{"_headers":{"x-powered-by":"Express","accept-ranges":"bytes","cache-control":"public, max-age=31536000","last-modified":"Sat, 26 Oct 1985 08:15:00 GMT","etag":"W/\"9f33-7438674ba0\"","content-type":"text/css; charset=UTF-8","vary":"Accept-Encoding","content-encoding":"gzip"},"statusCode":200,"responseTime":"5ms"},"msg":"","time":"2021-03-03T06:56:23.948Z","v":0}
{"name":"Log","hostname":"lumi-staging-server","pid":7893,"level":30,"req":{"meta":{"requestId":"e875c348-1bb4-45b5-a830-4da0bdb90780","userId":null},"url":"/ghost.min-3563275270ed0091bcb2206b133c67bc.css","method":"GET","originalUrl":"/ghost/assets/ghost.min-3563275270ed0091bcb2206b133c67bc.css","params":{},"headers":{"host":"f2z.co","pragma":"no-cache","cache-control":"no-cache","sec-ch-ua":"\"Chromium\";v=\"88\", \"Google Chrome\";v=\"88\", \";Not A Brand\";v=\"99\"","sec-ch-ua-mobile":"?0","user-agent":"Mozilla/5.0 (Windows NT 10.0; Win64; x64) AppleWebKit/537.36 (KHTML, like Gecko) Chrome/88.0.4324.190 Safari/537.36","accept":"text/css,*/*;q=0.1","sec-fetch-site":"same-origin","sec-fetch-mode":"no-cors","sec-fetch-dest":"style","referer":"https://f2z.co/ghost/","accept-encoding":"gzip, deflate, br","accept-language":"fil-PH,fil;q=0.9,tl;q=0.8,en-US;q=0.7,en;q=0.6","cookie":"**REDACTED**","x-forwarded-for":"49.145.109.61","x-forwarded-host":"f2z.co","x-forwarded-server":"f2z.co","connection":"Keep-Alive"},"query":{}},"res":{"_headers":{"x-powered-by":"Express","accept-ranges":"bytes","cache-control":"public, max-age=31536000","last-modified":"Sat, 26 Oct 1985 08:15:00 GMT","etag":"W/\"601ec-7438674ba0\"","content-type":"text/css; charset=UTF-8","vary":"Accept-Encoding","content-encoding":"gzip"},"statusCode":200,"responseTime":"19ms"},"msg":"","time":"2021-03-03T06:56:23.970Z","v":0}
{"name":"Log","hostname":"lumi-staging-server","pid":7893,"level":30,"req":{"meta":{"requestId":"005d51b3-b71e-491b-899c-7e79f928e7d7","userId":null},"url":"/vendor.min-1ea21c7abed44258b1662cf1b103c007.js","method":"GET","originalUrl":"/ghost/assets/vendor.min-1ea21c7abed44258b1662cf1b103c007.js","params":{},"headers":{"host":"f2z.co","pragma":"no-cache","cache-control":"no-cache","sec-ch-ua":"\"Chromium\";v=\"88\", \"Google Chrome\";v=\"88\", \";Not A Brand\";v=\"99\"","sec-ch-ua-mobile":"?0","user-agent":"Mozilla/5.0 (Windows NT 10.0; Win64; x64) AppleWebKit/537.36 (KHTML, like Gecko) Chrome/88.0.4324.190 Safari/537.36","accept":"*/*","sec-fetch-site":"same-origin","sec-fetch-mode":"no-cors","sec-fetch-dest":"script","referer":"https://f2z.co/ghost/","accept-encoding":"gzip, deflate, br","accept-language":"fil-PH,fil;q=0.9,tl;q=0.8,en-US;q=0.7,en;q=0.6","cookie":"**REDACTED**","x-forwarded-for":"49.145.109.61","x-forwarded-host":"f2z.co","x-forwarded-server":"f2z.co","connection":"Keep-Alive"},"query":{}},"res":{"_headers":{"x-powered-by":"Express","accept-ranges":"bytes","cache-control":"public, max-age=31536000","last-modified":"Sat, 26 Oct 1985 08:15:00 GMT","etag":"W/\"2e67b3-7438674ba0\"","content-type":"application/javascript; charset=UTF-8","vary":"Accept-Encoding","content-encoding":"gzip"},"statusCode":200,"responseTime":"169ms"},"msg":"","time":"2021-03-03T06:56:24.319Z","v":0}
{"name":"Log","hostname":"lumi-staging-server","pid":7893,"level":30,"req":{"meta":{"requestId":"5d8e9b00-b4e7-468c-a82b-ba746774771a","userId":null},"url":"/ghost.min-d180f21ff7052c2a18291a5f2a697b4b.js","method":"GET","originalUrl":"/ghost/assets/ghost.min-d180f21ff7052c2a18291a5f2a697b4b.js","params":{},"headers":{"host":"f2z.co","pragma":"no-cache","cache-control":"no-cache","sec-ch-ua":"\"Chromium\";v=\"88\", \"Google Chrome\";v=\"88\", \";Not A Brand\";v=\"99\"","sec-ch-ua-mobile":"?0","user-agent":"Mozilla/5.0 (Windows NT 10.0; Win64; x64) AppleWebKit/537.36 (KHTML, like Gecko) Chrome/88.0.4324.190 Safari/537.36","accept":"*/*","sec-fetch-site":"same-origin","sec-fetch-mode":"no-cors","sec-fetch-dest":"script","referer":"https://f2z.co/ghost/","accept-encoding":"gzip, deflate, br","accept-language":"fil-PH,fil;q=0.9,tl;q=0.8,en-US;q=0.7,en;q=0.6","cookie":"**REDACTED**","x-forwarded-for":"49.145.109.61","x-forwarded-host":"f2z.co","x-forwarded-server":"f2z.co","connection":"Keep-Alive"},"query":{}},"res":{"_headers":{"x-powered-by":"Express","accept-ranges":"bytes","cache-control":"public, max-age=31536000","last-modified":"Sat, 26 Oct 1985 08:15:00 GMT","etag":"W/\"131a4c-7438674ba0\"","content-type":"application/javascript; charset=UTF-8","vary":"Accept-Encoding","content-encoding":"gzip"},"statusCode":200,"responseTime":"47ms"},"msg":"","time":"2021-03-03T06:56:24.406Z","v":0}
{"name":"Log","hostname":"lumi-staging-server","pid":7893,"level":30,"req":{"meta":{"requestId":"5b47c48e-9747-4245-ac9b-de1b4e4067ec","userId":null},"url":"/img/favicon.ico","method":"GET","originalUrl":"/ghost/assets/img/favicon.ico","params":{},"headers":{"host":"f2z.co","pragma":"no-cache","cache-control":"no-cache","sec-ch-ua":"\"Chromium\";v=\"88\", \"Google Chrome\";v=\"88\", \";Not A Brand\";v=\"99\"","sec-ch-ua-mobile":"?0","user-agent":"Mozilla/5.0 (Windows NT 10.0; Win64; x64) AppleWebKit/537.36 (KHTML, like Gecko) Chrome/88.0.4324.190 Safari/537.36","accept":"image/avif,image/webp,image/apng,image/svg+xml,image/*,*/*;q=0.8","sec-fetch-site":"same-origin","sec-fetch-mode":"no-cors","sec-fetch-dest":"image","referer":"https://f2z.co/ghost/","accept-encoding":"gzip, deflate, br","accept-language":"fil-PH,fil;q=0.9,tl;q=0.8,en-US;q=0.7,en;q=0.6","cookie":"**REDACTED**","x-forwarded-for":"49.145.109.61","x-forwarded-host":"f2z.co","x-forwarded-server":"f2z.co","connection":"Keep-Alive"},"query":{}},"res":{"_headers":{"x-powered-by":"Express","accept-ranges":"bytes","cache-control":"public, max-age=31536000","last-modified":"Sat, 26 Oct 1985 08:15:00 GMT","etag":"W/\"3ec-7438674ba0\"","content-type":"image/x-icon","content-length":1004,"vary":"Accept-Encoding"},"statusCode":200,"responseTime":"6ms"},"msg":"","time":"2021-03-03T06:56:25.535Z","v":0}
{"name":"Log","hostname":"lumi-staging-server","pid":7893,"level":30,"req":{"meta":{"requestId":"449e78a5-c45d-4a21-aea7-8dc0eb9d5aa7","userId":"1"},"url":"/users/me/?include=roles","method":"GET","originalUrl":"/ghost/api/v3/admin/users/me/?include=roles","params":{"id":"me"},"headers":{"host":"f2z.co","sec-ch-ua":"\"Chromium\";v=\"88\", \"Google Chrome\";v=\"88\", \";Not A Brand\";v=\"99\"","sec-ch-ua-mobile":"?0","app-pragma":"no-cache","user-agent":"Mozilla/5.0 (Windows NT 10.0; Win64; x64) AppleWebKit/537.36 (KHTML, like Gecko) Chrome/88.0.4324.190 Safari/537.36","content-type":"application/json; charset=UTF-8","accept":"application/json, text/javascript, */*; q=0.01","x-requested-with":"XMLHttpRequest","x-ghost-version":"3.41","sec-fetch-site":"same-origin","sec-fetch-mode":"cors","sec-fetch-dest":"empty","referer":"https://f2z.co/ghost/","accept-encoding":"gzip, deflate, br","accept-language":"fil-PH,fil;q=0.9,tl;q=0.8,en-US;q=0.7,en;q=0.6","cookie":"**REDACTED**","x-forwarded-for":"49.145.109.61","x-forwarded-host":"f2z.co","x-forwarded-server":"f2z.co","connection":"Keep-Alive"},"query":{"include":"roles"}},"res":{"_headers":{"x-powered-by":"Express","cache-control":"no-cache, private, no-store, must-revalidate, max-stale=0, post-check=0, pre-check=0","content-type":"application/json; charset=utf-8","content-length":"733","etag":"W/\"2dd-0sSAwxVDVbpguvVHvrc2xJIXLUA\"","vary":"Accept-Encoding"},"statusCode":200,"responseTime":"57ms"},"msg":"","time":"2021-03-03T06:56:25.576Z","v":0}
{"name":"Log","hostname":"lumi-staging-server","pid":7893,"level":30,"req":{"meta":{"requestId":"7b81a6be-e0aa-483a-8c8a-9e39282f064a","userId":null},"url":"/site/","method":"GET","originalUrl":"/ghost/api/v3/admin/site/","params":{},"headers":{"host":"f2z.co","sec-ch-ua":"\"Chromium\";v=\"88\", \"Google Chrome\";v=\"88\", \";Not A Brand\";v=\"99\"","sec-ch-ua-mobile":"?0","app-pragma":"no-cache","user-agent":"Mozilla/5.0 (Windows NT 10.0; Win64; x64) AppleWebKit/537.36 (KHTML, like Gecko) Chrome/88.0.4324.190 Safari/537.36","content-type":"application/json; charset=UTF-8","accept":"application/json, text/javascript, */*; q=0.01","x-requested-with":"XMLHttpRequest","x-ghost-version":"3.41","sec-fetch-site":"same-origin","sec-fetch-mode":"cors","sec-fetch-dest":"empty","referer":"https://f2z.co/ghost/","accept-encoding":"gzip, deflate, br","accept-language":"fil-PH,fil;q=0.9,tl;q=0.8,en-US;q=0.7,en;q=0.6","cookie":"**REDACTED**","x-forwarded-for":"49.145.109.61","x-forwarded-host":"f2z.co","x-forwarded-server":"f2z.co","connection":"Keep-Alive"},"query":{}},"res":{"_headers":{"x-powered-by":"Express","cache-control":"no-cache, private, no-store, must-revalidate, max-stale=0, post-check=0, pre-check=0","content-type":"application/json; charset=utf-8","content-length":"212","etag":"W/\"d4-PssOHs+H55UWB0KDO+LCMOmRA80\"","vary":"Accept-Encoding"},"statusCode":200,"responseTime":"3ms"},"msg":"","time":"2021-03-03T06:56:25.797Z","v":0}
{"name":"Log","hostname":"lumi-staging-server","pid":7893,"level":30,"req":{"meta":{"requestId":"29adab39-3ed5-4242-89a4-1772c5209d93","userId":"1"},"url":"/config/","method":"GET","originalUrl":"/ghost/api/v3/admin/config/","params":{},"headers":{"host":"f2z.co","sec-ch-ua":"\"Chromium\";v=\"88\", \"Google Chrome\";v=\"88\", \";Not A Brand\";v=\"99\"","sec-ch-ua-mobile":"?0","app-pragma":"no-cache","user-agent":"Mozilla/5.0 (Windows NT 10.0; Win64; x64) AppleWebKit/537.36 (KHTML, like Gecko) Chrome/88.0.4324.190 Safari/537.36","content-type":"application/json; charset=UTF-8","accept":"application/json, text/javascript, */*; q=0.01","x-requested-with":"XMLHttpRequest","x-ghost-version":"3.41","sec-fetch-site":"same-origin","sec-fetch-mode":"cors","sec-fetch-dest":"empty","referer":"https://f2z.co/ghost/","accept-encoding":"gzip, deflate, br","accept-language":"fil-PH,fil;q=0.9,tl;q=0.8,en-US;q=0.7,en;q=0.6","cookie":"**REDACTED**","x-forwarded-for":"49.145.109.61","x-forwarded-host":"f2z.co","x-forwarded-server":"f2z.co","connection":"Keep-Alive"},"query":{}},"res":{"_headers":{"x-powered-by":"Express","cache-control":"no-cache, private, no-store, must-revalidate, max-stale=0, post-check=0, pre-check=0","content-type":"application/json; charset=utf-8","content-length":"222","etag":"W/\"de-RTStJlVDaZYNMlSD1m6yDH8jaqI\"","vary":"Accept-Encoding"},"statusCode":200,"responseTime":"18ms"},"msg":"","time":"2021-03-03T06:56:26.019Z","v":0}
{"name":"Log","hostname":"lumi-staging-server","pid":7893,"level":30,"req":{"meta":{"requestId":"6b2b8e53-c53e-4cab-8bf7-d930152943d9","userId":"1"},"url":"/notifications/","method":"GET","originalUrl":"/ghost/api/v3/admin/notifications/","params":{},"headers":{"host":"f2z.co","sec-ch-ua":"\"Chromium\";v=\"88\", \"Google Chrome\";v=\"88\", \";Not A Brand\";v=\"99\"","sec-ch-ua-mobile":"?0","app-pragma":"no-cache","user-agent":"Mozilla/5.0 (Windows NT 10.0; Win64; x64) AppleWebKit/537.36 (KHTML, like Gecko) Chrome/88.0.4324.190 Safari/537.36","content-type":"application/json; charset=UTF-8","accept":"application/json, text/javascript, */*; q=0.01","x-requested-with":"XMLHttpRequest","x-ghost-version":"3.41","sec-fetch-site":"same-origin","sec-fetch-mode":"cors","sec-fetch-dest":"empty","referer":"https://f2z.co/ghost/","accept-encoding":"gzip, deflate, br","accept-language":"fil-PH,fil;q=0.9,tl;q=0.8,en-US;q=0.7,en;q=0.6","cookie":"**REDACTED**","x-forwarded-for":"49.145.109.61","x-forwarded-host":"f2z.co","x-forwarded-server":"f2z.co","connection":"Keep-Alive"},"query":{}},"res":{"_headers":{"x-powered-by":"Express","cache-control":"no-cache, private, no-store, must-revalidate, max-stale=0, post-check=0, pre-check=0","content-type":"application/json; charset=utf-8","content-length":"20","etag":"W/\"14-rGnko0plFblBZ6cCxL9htMA8NKo\"","vary":"Accept-Encoding"},"statusCode":200,"responseTime":"66ms"},"msg":"","time":"2021-03-03T06:56:26.082Z","v":0}
{"name":"Log","hostname":"lumi-staging-server","pid":7893,"level":30,"req":{"meta":{"requestId":"32870a74-f707-42f0-848e-a5364d387b46","userId":"1"},"url":"/settings/?group=site%2Ctheme%2Cprivate%2Cmembers%2Cportal%2Cnewsletter%2Cemail%2Camp%2Clabs%2Cslack%2Cunsplash%2Cviews%2Cfirstpromoter","method":"GET","originalUrl":"/ghost/api/v3/admin/settings/?group=site%2Ctheme%2Cprivate%2Cmembers%2Cportal%2Cnewsletter%2Cemail%2Camp%2Clabs%2Cslack%2Cunsplash%2Cviews%2Cfirstpromoter","params":{},"headers":{"host":"f2z.co","sec-ch-ua":"\"Chromium\";v=\"88\", \"Google Chrome\";v=\"88\", \";Not A Brand\";v=\"99\"","sec-ch-ua-mobile":"?0","app-pragma":"no-cache","user-agent":"Mozilla/5.0 (Windows NT 10.0; Win64; x64) AppleWebKit/537.36 (KHTML, like Gecko) Chrome/88.0.4324.190 Safari/537.36","content-type":"application/json; charset=UTF-8","accept":"application/json, text/javascript, */*; q=0.01","x-requested-with":"XMLHttpRequest","x-ghost-version":"3.41","sec-fetch-site":"same-origin","sec-fetch-mode":"cors","sec-fetch-dest":"empty","referer":"https://f2z.co/ghost/","accept-encoding":"gzip, deflate, br","accept-language":"fil-PH,fil;q=0.9,tl;q=0.8,en-US;q=0.7,en;q=0.6","cookie":"**REDACTED**","x-forwarded-for":"49.145.109.61","x-forwarded-host":"f2z.co","x-forwarded-server":"f2z.co","connection":"Keep-Alive"},"query":{"group":"site,theme,private,members,portal,newsletter,email,amp,labs,slack,unsplash,views,firstpromoter"}},"res":{"_headers":{"x-powered-by":"Express","cache-control":"no-cache, private, no-store, must-revalidate, max-stale=0, post-check=0, pre-check=0","content-type":"application/json; charset=utf-8","etag":"W/\"3639-DCf9eFEdZH26CAEyuA8YEQBp8Bs\"","vary":"Accept-Encoding","content-encoding":"gzip"},"statusCode":200,"responseTime":"72ms"},"msg":"","time":"2021-03-03T06:56:26.084Z","v":0}
{"name":"Log","hostname":"lumi-staging-server","pid":7893,"level":40,"msg":"Ghost is shutting down","time":"2021-03-03T06:56:55.014Z","v":0}
{"name":"Log","hostname":"lumi-staging-server","pid":7893,"level":40,"msg":"Ghost is shutting down","time":"2021-03-03T06:56:55.017Z","v":0}
{"name":"Log","hostname":"lumi-staging-server","pid":7893,"level":40,"msg":"Ghost has shut down","time":"2021-03-03T06:56:55.023Z","v":0}
